{
"contracts/Marketplace.sol":{"l":{"80":0,"81":0,"82":0,"84":0,"92":0,"93":0,"94":0,"96":0,"100":0,"101":0,"102":0,"104":0,"112":0,"113":0,"115":0,"116":0,"121":0,"122":0,"123":0,"127":0,"131":0,"132":0,"140":0,"141":0,"145":0,"146":0,"147":0,"149":0,"150":0,"151":0,"152":0,"165":0,"169":0},"path":"/Users/kobiewilliams/DataMark/contracts/Marketplace.sol","s":{"1":0,"2":0,"3":0,"4":0,"5":0,"6":0,"7":0,"8":0,"9":0,"10":0,"11":0,"12":0,"13":0,"14":0,"15":0,"16":0,"17":0,"18":0,"19":0},"b":{"1":[0,0],"2":[0,0],"3":[0,0],"4":[0,0],"5":[0,0],"6":[0,0],"7":[0,0],"8":[0,0],"9":[0,0],"10":[0,0],"11":[0,0],"12":[0,0],"13":[0,0]},"f":{"1":0,"2":0,"3":0,"4":0,"5":0,"6":0,"7":0,"8":0,"9":0,"10":0,"11":0},"fnMap":{"1":{"name":"notListed","line":75,"loc":{"start":{"line":75,"column":4},"end":{"line":85,"column":4}}},"2":{"name":"isOwner","line":87,"loc":{"start":{"line":87,"column":4},"end":{"line":97,"column":4}}},"3":{"name":"isListed","line":99,"loc":{"start":{"line":99,"column":4},"end":{"line":105,"column":4}}},"4":{"name":"listData","line":111,"loc":{"start":{"line":107,"column":4},"end":{"line":118,"column":4}}},"5":{"name":"buyData","line":120,"loc":{"start":{"line":120,"column":4},"end":{"line":128,"column":4}}},"6":{"name":"cancelListing","line":130,"loc":{"start":{"line":130,"column":4},"end":{"line":133,"column":4}}},"7":{"name":"updateListing","line":139,"loc":{"start":{"line":135,"column":4},"end":{"line":142,"column":4}}},"8":{"name":"withdrawProceeds","line":144,"loc":{"start":{"line":144,"column":4},"end":{"line":154,"column":4}}},"9":{"name":"dataURI","line":160,"loc":{"start":{"line":160,"column":4},"end":{"line":162,"column":4}}},"10":{"name":"getListing","line":164,"loc":{"start":{"line":164,"column":4},"end":{"line":166,"column":4}}},"11":{"name":"getProceeds","line":168,"loc":{"start":{"line":168,"column":4},"end":{"line":170,"column":4}}}},"statementMap":{"1":{"start":{"line":80,"column":8},"end":{"line":80,"column":64}},"2":{"start":{"line":81,"column":8},"end":{"line":81,"column":2199}},"3":{"start":{"line":92,"column":8},"end":{"line":92,"column":60}},"4":{"start":{"line":93,"column":8},"end":{"line":93,"column":2502}},"5":{"start":{"line":100,"column":8},"end":{"line":100,"column":64}},"6":{"start":{"line":101,"column":8},"end":{"line":101,"column":2736}},"7":{"start":{"line":112,"column":8},"end":{"line":112,"column":3026}},"8":{"start":{"line":116,"column":8},"end":{"line":116,"column":63}},"9":{"start":{"line":121,"column":8},"end":{"line":121,"column":67}},"10":{"start":{"line":122,"column":8},"end":{"line":122,"column":3441}},"11":{"start":{"line":127,"column":8},"end":{"line":127,"column":74}},"12":{"start":{"line":132,"column":8},"end":{"line":132,"column":64}},"13":{"start":{"line":141,"column":8},"end":{"line":141,"column":66}},"14":{"start":{"line":145,"column":8},"end":{"line":145,"column":49}},"15":{"start":{"line":146,"column":8},"end":{"line":146,"column":4437}},"16":{"start":{"line":150,"column":8},"end":{"line":150,"column":72}},"17":{"start":{"line":151,"column":8},"end":{"line":151,"column":4635}},"18":{"start":{"line":165,"column":8},"end":{"line":165,"column":46}},"19":{"start":{"line":169,"column":8},"end":{"line":169,"column":33}}},"branchMap":{"1":{"line":81,"type":"if","locations":[{"start":{"line":81,"column":8},"end":{"line":81,"column":8}},{"start":{"line":81,"column":8},"end":{"line":81,"column":8}}]},"2":{"line":93,"type":"if","locations":[{"start":{"line":93,"column":8},"end":{"line":93,"column":8}},{"start":{"line":93,"column":8},"end":{"line":93,"column":8}}]},"3":{"line":101,"type":"if","locations":[{"start":{"line":101,"column":8},"end":{"line":101,"column":8}},{"start":{"line":101,"column":8},"end":{"line":101,"column":8}}]},"4":{"line":111,"type":"if","locations":[{"start":{"line":111,"column":15},"end":{"line":111,"column":15}},{"start":{"line":111,"column":15},"end":{"line":111,"column":15}}]},"5":{"line":112,"type":"if","locations":[{"start":{"line":112,"column":8},"end":{"line":112,"column":8}},{"start":{"line":112,"column":8},"end":{"line":112,"column":8}}]},"6":{"line":120,"type":"if","locations":[{"start":{"line":120,"column":75},"end":{"line":120,"column":75}},{"start":{"line":120,"column":75},"end":{"line":120,"column":75}}]},"7":{"line":122,"type":"if","locations":[{"start":{"line":122,"column":8},"end":{"line":122,"column":8}},{"start":{"line":122,"column":8},"end":{"line":122,"column":8}}]},"8":{"line":130,"type":"if","locations":[{"start":{"line":130,"column":89},"end":{"line":130,"column":89}},{"start":{"line":130,"column":89},"end":{"line":130,"column":89}}]},"9":{"line":130,"type":"if","locations":[{"start":{"line":130,"column":130},"end":{"line":130,"column":130}},{"start":{"line":130,"column":130},"end":{"line":130,"column":130}}]},"10":{"line":139,"type":"if","locations":[{"start":{"line":139,"column":15},"end":{"line":139,"column":15}},{"start":{"line":139,"column":15},"end":{"line":139,"column":15}}]},"11":{"line":139,"type":"if","locations":[{"start":{"line":139,"column":45},"end":{"line":139,"column":45}},{"start":{"line":139,"column":45},"end":{"line":139,"column":45}}]},"12":{"line":146,"type":"if","locations":[{"start":{"line":146,"column":8},"end":{"line":146,"column":8}},{"start":{"line":146,"column":8},"end":{"line":146,"column":8}}]},"13":{"line":151,"type":"if","locations":[{"start":{"line":151,"column":8},"end":{"line":151,"column":8}},{"start":{"line":151,"column":8},"end":{"line":151,"column":8}}]}}},
"contracts/mocks/MockV3Aggregator.sol":{"l":{},"path":"/Users/kobiewilliams/DataMark/contracts/mocks/MockV3Aggregator.sol","s":{},"b":{},"f":{},"fnMap":{},"statementMap":{},"branchMap":{}}}
