TN:
SF:/Users/kobiewilliams/DataMark/contracts/Marketplace.sol
FN:75,notListed
FN:87,isOwner
FN:99,isListed
FN:111,listData
FN:120,buyData
FN:130,cancelListing
FN:139,updateListing
FN:144,withdrawProceeds
FN:160,dataURI
FN:164,getListing
FN:168,getProceeds
FNF:11
FNH:0
FNDA:0,notListed
FNDA:0,isOwner
FNDA:0,isListed
FNDA:0,listData
FNDA:0,buyData
FNDA:0,cancelListing
FNDA:0,updateListing
FNDA:0,withdrawProceeds
FNDA:0,dataURI
FNDA:0,getListing
FNDA:0,getProceeds
DA:80,0
DA:81,0
DA:82,0
DA:84,0
DA:92,0
DA:93,0
DA:94,0
DA:96,0
DA:100,0
DA:101,0
DA:102,0
DA:104,0
DA:112,0
DA:113,0
DA:115,0
DA:116,0
DA:121,0
DA:122,0
DA:123,0
DA:127,0
DA:131,0
DA:132,0
DA:140,0
DA:141,0
DA:145,0
DA:146,0
DA:147,0
DA:149,0
DA:150,0
DA:151,0
DA:152,0
DA:165,0
DA:169,0
LF:33
LH:0
BRDA:81,1,0,0
BRDA:81,1,1,0
BRDA:93,2,0,0
BRDA:93,2,1,0
BRDA:101,3,0,0
BRDA:101,3,1,0
BRDA:111,4,0,0
BRDA:111,4,1,0
BRDA:112,5,0,0
BRDA:112,5,1,0
BRDA:120,6,0,0
BRDA:120,6,1,0
BRDA:122,7,0,0
BRDA:122,7,1,0
BRDA:130,8,0,0
BRDA:130,8,1,0
BRDA:130,9,0,0
BRDA:130,9,1,0
BRDA:139,10,0,0
BRDA:139,10,1,0
BRDA:139,11,0,0
BRDA:139,11,1,0
BRDA:146,12,0,0
BRDA:146,12,1,0
BRDA:151,13,0,0
BRDA:151,13,1,0
BRF:26
BRH:0
end_of_record
TN:
SF:/Users/kobiewilliams/DataMark/contracts/mocks/MockV3Aggregator.sol
FNF:0
FNH:0
LF:0
LH:0
BRF:0
BRH:0
end_of_record
